...................15....904...........8AA.................329...................AA....................................871....816....69A....
...........53.AA7........................A....906...610....................73AA..A.........558...68...............68........A...........AAAA
..............A....................132...................844....875................350.............................336.364...A49........AAAA
.......726.......341.....................186...358..................AA44........57.......A.........738...........663.................AAA..AA
.............952.......33......660..704............949......................518....234.9AA....551........971..A.......................A...AA
.......738.......222......................706.........825.............47AA.......................405.........AAA..............542...AAA.AAAA
.74.........366....................192..........542.737....AA60...................62AA..730.....718...A.....................AA7......A......
...126.....................A.........504...A..A.........................................................974...............................AA
........33AA..901.........AAA.............AAA.AA8...............AA61.....814........................................975...............1AA.AA
....A..............................262.......................31A................5AA.56.....AAA.......897...............9................AAAA
....AA3....355...AA03..................................AAA..............462.......A.........A...............108.557...501...A...AAA.........
..............................................A.........A.......AA......................AA3....A70...............................A..AA30....
.........................91...38AAA04.........AA4..A.............A.524.AA5..............A.....A...........7..........692.9AAAA...AA.........
.685........70.189................................AAA...83AA......A....A........A.........565.............464................A....738..AAAAA
.........938..........993...............................................A43...3AA...753..............882...............108.6AA..........AAAA
..............762..........AA8.......280...............36AAA26...................................552.....A....25..AA2.............164.....AA
.....948..............813..A....644......62........................................A.....657......................A.........................
..................................................AA45.......739.....A...399...30............A..A...........924.1AA..........A09..........AA
...883....544.....33.........58AA.428.146................288.......8AA...............891.409....AA9..460.............997....A........A8AAAAA
.............818........829..............846..............................248.....574......................789............9AA....A..A...AAAA
......A.....................A..........370.......85AA.............313...........................573....621...............268.......AA..80A..
....6A....2AA.............4AA..709......................................AA4....................................A65........................AA
............A.29A......................607....950.475..30A...66..932........395..374..........155.891....472..A......774.............A....AA
....207..........A..2AA......543..88AA......711...........A.............................823............A...93...........3AA.....764.....AAAA
........968.951.......A................................A.........453...AA6..736.972.....................A97........AA18...A...............AA
....984.................A.......................884..2A......492.......A................70..523.....25........A.....................3AA...AA
..................870...AA7.......54AA.522..A58...................956......535......A..........525........197....A..266...1AA.........AAAAAA
.........A01...............................A.....323........257........956..........AA..AAA.592.................AAA.........A.........AAA.AA
.....38AA.....867...A53..A47............................9AA.................515..........A...................................A78..........AA
..........876......A....A.......AA31.95A.A47...631...A...........A...705..AA4................739..............319......713.........AA7.AAAA.
.....AAA.............11A................A.........79A....559..51..........A.......................550...............A.......AA7.........AAAA
......A..428.....AA9......A13................413..................280............840.654.......91.....A...........AAA.......A...............
.............A...A.......A.....77...................A.492............................................AA..........A.......17A....A...........
......AA27..AAA..........AA......................99A......314.....63AAA53.................764.................27......A..........A15..A86...
...14A................A................A..320........96A...................88AAA11...............A..75A...........A....A49...........A......
.........AA23..993.97A....638........4AA................A..800.......................AA64.710...AAA....AA64....83A..........473......AA1....
...A..48A.......................A..................................83A...........375................................AA24......21..........AA
55A.........................441...31A.................................A....................618.407.......83.......9AA...............91......
...........25..AA1...................A...............AA3.54AA..905......27........861.756............................28...AA............AAAA
.......794.....A........782...236....AA...........93A.............7AA....505..............23.948.......560.532...421......A.........405.AAAA
............56A.........................AA50..8AA.......90....229...A..........978..68A............225..................6AA.....A91.......AA
.............................296..2AA...........A....A91...................311.........A......321......A......82A....AA3.......A....A..53A..
.....6AA..42AA....613.....A.........A.40AA.AA74.....A.........A.145....729......A.........A.......106............A.......A.....AA1..........
.......A................8AA...147.............AAA........A.46.......A........A0A.A7...818.............................26A......A........AAAA
............823...785..............340.........A....564..AA7......4AA.......A....................891.................560...........642..AAA.
.....3AA.....................226..........AAA..............................AAA.............................64AA.............AAA...........AA
.......A.....626..A17..329.......92........A..................A74....827.............68AA....771....529.........303..........A............AA
.........172.....A...................332...........AA8..A29..A..........78AA....468................................461...AAA..A.......AAAAAA
....974...............901..A....130................A...A..........4.573................163......429....808.46AAA7..231....A......964......AA
........183.................A82........11...............A10.....774......567.................36...........................................AA
.......................9AA.....................826............A.....892..........AA1......A66....AA53.........106.830....235......A..84A..AA
727.........17AA.........A.......50A........301..........................550..24AA.....A.A.....6AA.......A.4AA.................89A......AAAA
....67...............468.....A......A..596......................817.600...............AA.A.............9AA...A.805...513......378.......AAA.
...........247..............AAA.........263....329....476................721............723.....................................358.....AAAA
........784.....A34.....667...................................615.195.6AA...............................54AA........347...................AA
...............A.................76......12A...659........AA55..........A.............201......................866............AA8.505.AA9...
.............5AA..........A.................A....................281..A...AA6............670.419.......7AA..........510.786...A.......A...AA
....AA3.................5AA.373....709.............705...............AAA..A........29AA.........AA2......A..878...........528...A.......AAAA
....A.........6AA.......................948..................565................A..........465..A.....49A.A7....................AA1.......AA
.........A38....A....41A......123...........A.......546...821...................AA4..A............................A58.85AA.38AA.............
.....73AA...............A.............833..AAA..........................A............AA0...A88..............117..A...................92A....
................860..........228.......................................AAA....39AA........A..........A.............839...373............AAAA
..802........369........641.............763.....A54.AA...............30A............620..............AA0.403....................647.......AA
...................................A........46AA.....A..................AA27....53A.............................129.628.....923.........AA66
..........A......A.............824.AA3.................669.........................A.....AAA..62A...........698.....................AA9.....
.......49A....A.AAA.85AAA53...................668..........879.......A74..................A......AA26...852.........................A....AAA
...646......2AA..............AA8...369...........808................A.......705.......A...............A.............492.AA2...............AA
....................959......A...........872..........................102.............AA..8AA....AA6..............A.....A........83...49..AA
.785............363...............49..............667.....797....224.......586..............A....A...34..673.......A50....................AA
......AA32.........225...................631..35A............................941....A.......AA.....................406...546..........AAAAAA
.543............760.........305..325...330.......A.................621...........A.......63..A.......268..239...................A...........
........6AA.........................................735......820.....AA5....419...........91..A89...............4AA...........A.........AAAA
..........A....41AA.....3AA....AAA...A..366..........................A..............................4A....945.....A.....563.2AA..211..AAA.AA
......267.......................A...AAA.....730........836..........AAA...........AA8...........A04...A................................A....
.......................70AA....AAA................A..........AA66.........A.......A...975......A.......A83.9AA........A.......A11.........AA
.......AAA.......284........................246.6AA.972..............365..AA1.....AA6........A...............A.........A94...A.....AA.....AA
...AA0..A....................................................415.....................A85..83A......677.......AA9...................A......AA
...A............224....399.72AA......6AA..........................A......A32.....21AA.....................A.................591....AA6......
..........A.......................................658........143....779.A....942......A.............885....A67..........A...................
.461.......A3....277.407......A08..............AA.........................A.......A.8AA............................390....................AA
..........................90AA.....AA97..307...A....197.12.....3...A38....AA4.85..AA3...............713..700..741...........176.....883.....
..316........180............................75A...................A.......................................................A...............AA
........A........AAA...338..AAA.........683............AAA...701......................540....255.......A....858........27A....28....A.....AA
...660.AAA..912...A..........A......743.........439.....A.........206......363........................AAA............................A44..AA
.......................443...............610.............A03..........................879...658............A................189...........AA
...........172......794........A8..............646......................662..................................49.AA10.523.257..............AA
...87..662.....A.......667....A..408......................220...52A............A.....742..39..160....64.636................974..A78.....AAAA
.............4A..A.............A....37AA.....804...................A......A.24A.............................39AA..461..818.....A........AAAA
....706.398........452....A00.............406..........5AAA80....3AA.42...AA5.......131...........AA.....538.....................403........
..............143........A.........80............740..........................AA45......784........A...........708...................A.29A..
.2AA..................37A..AA1...........................AA38........................A.............AAAA..95AA...........1AA......829.A....AA
...A..........476..64A.....A......................................431.728..........................................5A.....A.................
........334...........AA31.AA0......A........966........AA23...................30A.....A....404...............879....AA72.....208.134.......
................................163................509......................A.....A..7AA................................................AAAA
...768..329....199........................................797......AA68..........AAA..........26.565....651.....664......A11..........AAA...
.....................26.......70AAA6....415.............................................749..........A..................A......54AA..A....AA
....A....AAA..517.....................5....449..........68........................751.......AA99......A01.................................AA
.73A......A.........240...A..65.718.87...........532..............A....567................................67A.......A7..463...............AA
.....28AA....509........2AA.............852....................88A...A....AAA..AA..507......998.AA54..213....A.....A.........67A..........AA
..............................403.....129........37AA......................A....A.................................AAA...........A...........
.........85AA.........250...................A61........86AAA16.......AA1..........A26.........633..404................676.AA66..AA0.........
892...........AAA.............754.......86AA....79A..................A........81AA.......................A.44..A..................29......AA
....AA27.......A..................60A..............A...AA68.....8AA.....................179..528........AAA.....A58...949...................
................A02...807............A..AAA.................A.....A.....A...........................980...........................AA6.......
........A17...A..................879.....A.A..........A.....AA3.......4AA.......422............209.......A.......969....240.378...A.......AA
....34AA.....AAA...A.596....................A3....70A...217................AA2..........6AA.................129.......A..........A.....A....
.................7AA.....A............904............A............795......A.......38AA...A.....8AAA43...............AAA....AAA.......AA....
............749.........AA..................318.................A.......31A.................................AA19.............AA92.........AA
....A54..797........500...............614.1.................AAA.....451............330.159.143.598.......A.......AA27...............717...AA
...A............924.........................245............A.A.............606...........................AA1............604....A........AAAA
....................73....160..406.1AA...............933.9AA...................A.......419.........A65...........A............AAA..573....AA
....915.........AA...................A.....................584.......929......AAA......404.935....A..870.....93........395..............AAAA
.781.............A...........632.......710....AAA.323............A..................904........A.....................859..................AA
.....A..........................AA6............A.........................52................149...414............................A.........AA
...5A....5AA.625..........328...A.................................295.734......A..........................AA6.291.695....367..AAA..787..8...
...........A.................33A........................57AA.417...........445...A........................A....................A..........AA
....869.85...316.....AAA...............345.......749.............................AA4.............AAA..777...............................8A..
......................A.........A..............A......A.....786.71AAA2.................357.......A.A.........A......971....74.305....A....AA
............................325..A70..167..A.....265..A..883................................A...AA..........AAA...........................AA
......A.....266.....788.AA1..............3AA........588.......939..39AAA17.............A88........................401....A49...A55........AA
.......A08..............A.....816....AA5...............AAA..A.............581.........A.......397..70AA.................A.....A...........AA
.............511.....88A...A.........A..........178..52AA..............150....A..720.......84A...........964....129...A......AAA............
.......749..............52A.A............800........................................500.......A.................487..........A00........AAAA
..668......639......932......139.726................A...51..43AA..................775......83A..874.......A..............85AA......A39....AA
........810...............................805.......AA0.............999.....743......169............477...AA1......9AA............A.......AA
.574...........AAA62........398....204...........A.......525....................................412...........376....AA3....A......A....AAAA
....836....................................25...AAA............6AA.....172..........................408...........A........A...776..802...AA
.............307.......A........537..A88..............128..A.....A..........................118...327......296.......967..991...............
.....899...A.......788.....829......A....................5AA.722.......519.........38AA...A...................32AA..............AA23......AA
.........9AA...674.....................447.......801..............957....................................111......A67..34....55A..........AA
..565.644..............18.....472............8................................AAA........AA1.................296........................AAAA
................99AA....................649....151.........43AA...445.747......A.........A......A......A..............8AA....357.240....AAAA
....476.49AA.AA1.......121..73AAA40..682......975..A.....A..................A.AAA...............A.363....152.264........A...................
.............A....73AA..................584...........23A.........99A......................701........................4AA............649..AA
......................A72......A.............................958.....A.A...........983.673........233.AA81........760.......................
..9AA.99AA......AA3...........AAA..A....A.........AA7..AA.............AAA......................................A.......27...998...........AA
....A.......230.A...................A6.AA....809..A....A...660.....A.......748..199.A.............717...A........................A..........
......95..............647...A..............A.........4AA..........AAA..............AA...............728..A1AAA80..708......A.....AA6......AA
...355....................5AA...A..............................A...............977....20AA................................AAA...........AAAA
...............680.....670.........784........171..799.........AA7..........................844........166........289.................4AA...

15 904 329 871 816
53 906 610 558 68 68
132 844 875 350 336 364
726 341 186 358 57 738 663
952 33 660 704 949 518 234 551 971
738 222 706 825 405 542
74 366 192 542 737 730 718
126 504 974
901 814 975
262 56 897 9
355 462 108 557 501

91 524 7 692
685 70 189 565 464 738
938 993 753 882 108
762 280 552 25 164
948 813 644 62 657
739 399 30 924
883 544 33 428 146 288 891 409 460 997
818 829 846 248 574 789
370 313 573 621 268
709
607 950 475 66 932 395 374 155 891 472 774
207 543 711 823 93 764
968 951 453 736 972
984 884 492 70 523 25
870 522 956 535 525 197 266
323 257 956 592
867 515
876 631 705 739 319 713
559 51 550
428 413 280 840 654 91
77 492
314 764 27
320
993 638 800 710 473
375 21
441 618 407 83 91
25 905 27 861 756 28
794 782 236 505 23 948 560 532 421 405
90 229 978 225
296 311 321
613 145 729 106
147 46 818
823 785 340 564 891 560 642
226
626 329 92 827 771 529 303
172 332 468 461
974 901 130 4 573 163 429 808 231 964
183 11 774 567 36
826 892 106 830 235
727 301 550
67 468 596 817 600 805 513 378
247 263 329 476 721 723 358
784 667 615 195 347
76 659 201 866 505
281 670 419 510 786
373 709 705 878 528
948 565 465
123 546 821
833 117
860 228 839 373
802 369 641 763 620 403 647
129 628 923
824 669 698
668 879 852
646 369 808 705 492
959 872 102 83 49
785 363 49 667 797 224 586 34 673
225 631 941 406 546
543 760 305 325 330 621 63 268 239
735 820 419 91
366 945 563 211
267 730 836
975
284 246 972 365
415 677
224 399 591
658 143 779 942 885
461 277 407 390
307 197 12 3 85 713 700 741 176 883
316 180
338 683 701 540 255 858 28
660 912 743 439 206 363
443 610 879 658 189
172 794 646 662 49 523 257
87 662 667 408 220 742 39 160 64 636 974
804 461 818
706 398 452 406 42 131 538 403
143 80 740 784 708
829
476 431 728
334 966 404 879 208 134
163 509
768 329 199 797 26 565 651 664
26 415 749
517 5 449 68 751
240 65 718 87 532 567 463
509 852 507 998 213
403 129
250 633 404 676
892 754 44 29
179 528 949
807 980
879 422 209 969 240 378
596 217 129
904 795
749 318
797 500 614 1 451 330 159 143 598 717
924 245 606 604
73 160 406 933 419 573
915 584 929 404 935 870 93 395
781 632 710 323 904 859
52 149 414
625 328 295 734 291 695 367 787 8
417 445
869 85 316 345 749 777
786 357 971 74 305
325 167 265 883
266 788 588 939 401
816 581 397
511 178 150 720 964 129
749 800 500 487
668 639 932 139 726 51 775 874
810 805 999 743 169 477
574 398 204 525 412 376
836 25 172 408 776 802
307 537 128 118 327 296 967 991
899 788 829 722 519
674 447 801 957 111 34
565 644 18 472 8 296
649 151 445 747 357 240
476 121 682 975 363 152 264
584 701 649
958 983 673 233 760
27 998
230 809 660 748 199 717
95 647 728 708
355 977
680 670 784 171 799 844 166 289
I am here
601688 351775
